2022-03-28 21:25:04.062  INFO 11128 --- [main] c.p.m.MiniBacktestingBeApplication       : Starting MiniBacktestingBeApplication using Java 17.0.1 on DESKTOP-1CGNPJ3 with PID 11128 (D:\hanghae99\01_projects\back_n_stock\build\classes\java\main started by CuriousMode_1 in D:\hanghae99\01_projects\back_n_stock)
2022-03-28 21:25:04.065  INFO 11128 --- [main] c.p.m.MiniBacktestingBeApplication       : No active profile set, falling back to 1 default profile: "default"
2022-03-28 21:25:04.742  INFO 11128 --- [main] .s.d.r.c.RepositoryConfigurationDelegate : Multiple Spring Data modules found, entering strict repository configuration mode!
2022-03-28 21:25:04.742  INFO 11128 --- [main] .s.d.r.c.RepositoryConfigurationDelegate : Bootstrapping Spring Data JPA repositories in DEFAULT mode.
2022-03-28 21:25:04.841  INFO 11128 --- [main] .s.d.r.c.RepositoryConfigurationDelegate : Finished Spring Data repository scanning in 92 ms. Found 6 JPA repository interfaces.
2022-03-28 21:25:04.850  INFO 11128 --- [main] .s.d.r.c.RepositoryConfigurationDelegate : Multiple Spring Data modules found, entering strict repository configuration mode!
2022-03-28 21:25:04.850  INFO 11128 --- [main] .s.d.r.c.RepositoryConfigurationDelegate : Bootstrapping Spring Data Redis repositories in DEFAULT mode.
2022-03-28 21:25:04.874  INFO 11128 --- [main] .RepositoryConfigurationExtensionSupport : Spring Data Redis - Could not safely identify store assignment for repository candidate interface com.project.minibacktesting_be.repository.CommentRepository. If you want this repository to be a Redis repository, consider annotating your entities with one of these annotations: org.springframework.data.redis.core.RedisHash (preferred), or consider extending one of the following types with your repository: org.springframework.data.keyvalue.repository.KeyValueRepository.
2022-03-28 21:25:04.875  INFO 11128 --- [main] .RepositoryConfigurationExtensionSupport : Spring Data Redis - Could not safely identify store assignment for repository candidate interface com.project.minibacktesting_be.repository.LikesRepository. If you want this repository to be a Redis repository, consider annotating your entities with one of these annotations: org.springframework.data.redis.core.RedisHash (preferred), or consider extending one of the following types with your repository: org.springframework.data.keyvalue.repository.KeyValueRepository.
2022-03-28 21:25:04.875  INFO 11128 --- [main] .RepositoryConfigurationExtensionSupport : Spring Data Redis - Could not safely identify store assignment for repository candidate interface com.project.minibacktesting_be.repository.PortStockRepository. If you want this repository to be a Redis repository, consider annotating your entities with one of these annotations: org.springframework.data.redis.core.RedisHash (preferred), or consider extending one of the following types with your repository: org.springframework.data.keyvalue.repository.KeyValueRepository.
2022-03-28 21:25:04.875  INFO 11128 --- [main] .RepositoryConfigurationExtensionSupport : Spring Data Redis - Could not safely identify store assignment for repository candidate interface com.project.minibacktesting_be.repository.PortfolioRepository. If you want this repository to be a Redis repository, consider annotating your entities with one of these annotations: org.springframework.data.redis.core.RedisHash (preferred), or consider extending one of the following types with your repository: org.springframework.data.keyvalue.repository.KeyValueRepository.
2022-03-28 21:25:04.877  INFO 11128 --- [main] .RepositoryConfigurationExtensionSupport : Spring Data Redis - Could not safely identify store assignment for repository candidate interface com.project.minibacktesting_be.repository.StockRepository. If you want this repository to be a Redis repository, consider annotating your entities with one of these annotations: org.springframework.data.redis.core.RedisHash (preferred), or consider extending one of the following types with your repository: org.springframework.data.keyvalue.repository.KeyValueRepository.
2022-03-28 21:25:04.877  INFO 11128 --- [main] .RepositoryConfigurationExtensionSupport : Spring Data Redis - Could not safely identify store assignment for repository candidate interface com.project.minibacktesting_be.repository.UserRepository. If you want this repository to be a Redis repository, consider annotating your entities with one of these annotations: org.springframework.data.redis.core.RedisHash (preferred), or consider extending one of the following types with your repository: org.springframework.data.keyvalue.repository.KeyValueRepository.
2022-03-28 21:25:04.877  INFO 11128 --- [main] .s.d.r.c.RepositoryConfigurationDelegate : Finished Spring Data repository scanning in 13 ms. Found 0 Redis repository interfaces.
2022-03-28 21:25:13.710  INFO 11128 --- [main] trationDelegate$BeanPostProcessorChecker : Bean 'credentialsProvider' of type [com.amazonaws.auth.AWSCredentialsProviderChain] is not eligible for getting processed by all BeanPostProcessors (for example: not eligible for auto-proxying)
2022-03-28 21:25:13.967  INFO 11128 --- [main] o.s.b.w.embedded.tomcat.TomcatWebServer  : Tomcat initialized with port(s): 8080 (http)
2022-03-28 21:25:13.974  INFO 11128 --- [main] o.apache.catalina.core.StandardService   : Starting service [Tomcat]
2022-03-28 21:25:13.974  INFO 11128 --- [main] org.apache.catalina.core.StandardEngine  : Starting Servlet engine: [Apache Tomcat/9.0.58]
2022-03-28 21:25:14.113  INFO 11128 --- [main] o.a.c.c.C.[Tomcat].[localhost].[/]       : Initializing Spring embedded WebApplicationContext
2022-03-28 21:25:14.113  INFO 11128 --- [main] w.s.c.ServletWebServerApplicationContext : Root WebApplicationContext: initialization completed in 10010 ms
2022-03-28 21:25:14.259  INFO 11128 --- [main] o.hibernate.jpa.internal.util.LogHelper  : HHH000204: Processing PersistenceUnitInfo [name: default]
2022-03-28 21:25:14.303  INFO 11128 --- [main] org.hibernate.Version                    : HHH000412: Hibernate ORM core version 5.6.5.Final
2022-03-28 21:25:14.426  INFO 11128 --- [main] o.hibernate.annotations.common.Version   : HCANN000001: Hibernate Commons Annotations {5.1.2.Final}
2022-03-28 21:25:14.498  INFO 11128 --- [main] com.zaxxer.hikari.HikariDataSource       : HikariPool-1 - Starting...
2022-03-28 21:25:14.836  INFO 11128 --- [main] com.zaxxer.hikari.HikariDataSource       : HikariPool-1 - Start completed.
2022-03-28 21:25:14.852  INFO 11128 --- [main] org.hibernate.dialect.Dialect            : HHH000400: Using dialect: org.hibernate.dialect.MySQL8Dialect
2022-03-28 21:25:15.599  INFO 11128 --- [main] o.h.e.t.j.p.i.JtaPlatformInitiator       : HHH000490: Using JtaPlatform implementation: [org.hibernate.engine.transaction.jta.platform.internal.NoJtaPlatform]
2022-03-28 21:25:15.606  INFO 11128 --- [main] j.LocalContainerEntityManagerFactoryBean : Initialized JPA EntityManagerFactory for persistence unit 'default'
2022-03-28 21:25:15.846  WARN 11128 --- [main] JpaBaseConfiguration$JpaWebConfiguration : spring.jpa.open-in-view is enabled by default. Therefore, database queries may be performed during view rendering. Explicitly configure spring.jpa.open-in-view to disable this warning
2022-03-28 21:25:16.784  INFO 11128 --- [main] o.s.s.web.DefaultSecurityFilterChain     : Will not secure any request
2022-03-28 21:25:17.077  INFO 11128 --- [main] o.s.b.w.embedded.tomcat.TomcatWebServer  : Tomcat started on port(s): 8080 (http) with context path ''
2022-03-28 21:25:17.084  INFO 11128 --- [main] c.p.m.MiniBacktestingBeApplication       : Started MiniBacktestingBeApplication in 13.431 seconds (JVM running for 14.139)
2022-03-28 21:29:02.235  INFO 11128 --- [SpringApplicationShutdownHook] j.LocalContainerEntityManagerFactoryBean : Closing JPA EntityManagerFactory for persistence unit 'default'
2022-03-28 21:29:02.236  INFO 11128 --- [SpringApplicationShutdownHook] com.zaxxer.hikari.HikariDataSource       : HikariPool-1 - Shutdown initiated...
2022-03-28 21:29:02.277  INFO 11128 --- [SpringApplicationShutdownHook] com.zaxxer.hikari.HikariDataSource       : HikariPool-1 - Shutdown completed.
2022-03-28 21:29:07.304  INFO 1756 --- [main] c.p.m.MiniBacktestingBeApplication       : Starting MiniBacktestingBeApplication using Java 17.0.1 on DESKTOP-1CGNPJ3 with PID 1756 (D:\hanghae99\01_projects\back_n_stock\build\classes\java\main started by CuriousMode_1 in D:\hanghae99\01_projects\back_n_stock)
2022-03-28 21:29:07.306  INFO 1756 --- [main] c.p.m.MiniBacktestingBeApplication       : No active profile set, falling back to 1 default profile: "default"
2022-03-28 21:29:07.921  INFO 1756 --- [main] .s.d.r.c.RepositoryConfigurationDelegate : Multiple Spring Data modules found, entering strict repository configuration mode!
2022-03-28 21:29:07.921  INFO 1756 --- [main] .s.d.r.c.RepositoryConfigurationDelegate : Bootstrapping Spring Data JPA repositories in DEFAULT mode.
2022-03-28 21:29:07.995  INFO 1756 --- [main] .s.d.r.c.RepositoryConfigurationDelegate : Finished Spring Data repository scanning in 68 ms. Found 6 JPA repository interfaces.
2022-03-28 21:29:08.004  INFO 1756 --- [main] .s.d.r.c.RepositoryConfigurationDelegate : Multiple Spring Data modules found, entering strict repository configuration mode!
2022-03-28 21:29:08.004  INFO 1756 --- [main] .s.d.r.c.RepositoryConfigurationDelegate : Bootstrapping Spring Data Redis repositories in DEFAULT mode.
2022-03-28 21:29:08.024  INFO 1756 --- [main] .RepositoryConfigurationExtensionSupport : Spring Data Redis - Could not safely identify store assignment for repository candidate interface com.project.minibacktesting_be.repository.CommentRepository. If you want this repository to be a Redis repository, consider annotating your entities with one of these annotations: org.springframework.data.redis.core.RedisHash (preferred), or consider extending one of the following types with your repository: org.springframework.data.keyvalue.repository.KeyValueRepository.
2022-03-28 21:29:08.025  INFO 1756 --- [main] .RepositoryConfigurationExtensionSupport : Spring Data Redis - Could not safely identify store assignment for repository candidate interface com.project.minibacktesting_be.repository.LikesRepository. If you want this repository to be a Redis repository, consider annotating your entities with one of these annotations: org.springframework.data.redis.core.RedisHash (preferred), or consider extending one of the following types with your repository: org.springframework.data.keyvalue.repository.KeyValueRepository.
2022-03-28 21:29:08.025  INFO 1756 --- [main] .RepositoryConfigurationExtensionSupport : Spring Data Redis - Could not safely identify store assignment for repository candidate interface com.project.minibacktesting_be.repository.PortStockRepository. If you want this repository to be a Redis repository, consider annotating your entities with one of these annotations: org.springframework.data.redis.core.RedisHash (preferred), or consider extending one of the following types with your repository: org.springframework.data.keyvalue.repository.KeyValueRepository.
2022-03-28 21:29:08.026  INFO 1756 --- [main] .RepositoryConfigurationExtensionSupport : Spring Data Redis - Could not safely identify store assignment for repository candidate interface com.project.minibacktesting_be.repository.PortfolioRepository. If you want this repository to be a Redis repository, consider annotating your entities with one of these annotations: org.springframework.data.redis.core.RedisHash (preferred), or consider extending one of the following types with your repository: org.springframework.data.keyvalue.repository.KeyValueRepository.
2022-03-28 21:29:08.027  INFO 1756 --- [main] .RepositoryConfigurationExtensionSupport : Spring Data Redis - Could not safely identify store assignment for repository candidate interface com.project.minibacktesting_be.repository.StockRepository. If you want this repository to be a Redis repository, consider annotating your entities with one of these annotations: org.springframework.data.redis.core.RedisHash (preferred), or consider extending one of the following types with your repository: org.springframework.data.keyvalue.repository.KeyValueRepository.
2022-03-28 21:29:08.027  INFO 1756 --- [main] .RepositoryConfigurationExtensionSupport : Spring Data Redis - Could not safely identify store assignment for repository candidate interface com.project.minibacktesting_be.repository.UserRepository. If you want this repository to be a Redis repository, consider annotating your entities with one of these annotations: org.springframework.data.redis.core.RedisHash (preferred), or consider extending one of the following types with your repository: org.springframework.data.keyvalue.repository.KeyValueRepository.
2022-03-28 21:29:08.027  INFO 1756 --- [main] .s.d.r.c.RepositoryConfigurationDelegate : Finished Spring Data repository scanning in 13 ms. Found 0 Redis repository interfaces.
2022-03-28 21:29:16.846  INFO 1756 --- [main] trationDelegate$BeanPostProcessorChecker : Bean 'credentialsProvider' of type [com.amazonaws.auth.AWSCredentialsProviderChain] is not eligible for getting processed by all BeanPostProcessors (for example: not eligible for auto-proxying)
2022-03-28 21:29:17.078  INFO 1756 --- [main] o.s.b.w.embedded.tomcat.TomcatWebServer  : Tomcat initialized with port(s): 8080 (http)
2022-03-28 21:29:17.084  INFO 1756 --- [main] o.apache.catalina.core.StandardService   : Starting service [Tomcat]
2022-03-28 21:29:17.084  INFO 1756 --- [main] org.apache.catalina.core.StandardEngine  : Starting Servlet engine: [Apache Tomcat/9.0.58]
2022-03-28 21:29:17.210  INFO 1756 --- [main] o.a.c.c.C.[Tomcat].[localhost].[/]       : Initializing Spring embedded WebApplicationContext
2022-03-28 21:29:17.210  INFO 1756 --- [main] w.s.c.ServletWebServerApplicationContext : Root WebApplicationContext: initialization completed in 9870 ms
2022-03-28 21:29:17.346  INFO 1756 --- [main] o.hibernate.jpa.internal.util.LogHelper  : HHH000204: Processing PersistenceUnitInfo [name: default]
2022-03-28 21:29:17.376  INFO 1756 --- [main] org.hibernate.Version                    : HHH000412: Hibernate ORM core version 5.6.5.Final
2022-03-28 21:29:17.470  INFO 1756 --- [main] o.hibernate.annotations.common.Version   : HCANN000001: Hibernate Commons Annotations {5.1.2.Final}
2022-03-28 21:29:17.532  INFO 1756 --- [main] com.zaxxer.hikari.HikariDataSource       : HikariPool-1 - Starting...
2022-03-28 21:29:17.785  INFO 1756 --- [main] com.zaxxer.hikari.HikariDataSource       : HikariPool-1 - Start completed.
2022-03-28 21:29:17.798  INFO 1756 --- [main] org.hibernate.dialect.Dialect            : HHH000400: Using dialect: org.hibernate.dialect.MySQL8Dialect
2022-03-28 21:29:18.454  INFO 1756 --- [main] o.h.e.t.j.p.i.JtaPlatformInitiator       : HHH000490: Using JtaPlatform implementation: [org.hibernate.engine.transaction.jta.platform.internal.NoJtaPlatform]
2022-03-28 21:29:18.460  INFO 1756 --- [main] j.LocalContainerEntityManagerFactoryBean : Initialized JPA EntityManagerFactory for persistence unit 'default'
2022-03-28 21:29:18.691  WARN 1756 --- [main] JpaBaseConfiguration$JpaWebConfiguration : spring.jpa.open-in-view is enabled by default. Therefore, database queries may be performed during view rendering. Explicitly configure spring.jpa.open-in-view to disable this warning
2022-03-28 21:29:19.586  INFO 1756 --- [main] o.s.s.web.DefaultSecurityFilterChain     : Will not secure any request
2022-03-28 21:29:19.854  INFO 1756 --- [main] o.s.b.w.embedded.tomcat.TomcatWebServer  : Tomcat started on port(s): 8080 (http) with context path ''
2022-03-28 21:29:19.861  INFO 1756 --- [main] c.p.m.MiniBacktestingBeApplication       : Started MiniBacktestingBeApplication in 12.844 seconds (JVM running for 13.461)
2022-03-28 21:30:07.515  INFO 1756 --- [http-nio-8080-exec-1] o.a.c.c.C.[Tomcat].[localhost].[/]       : Initializing Spring DispatcherServlet 'dispatcherServlet'
2022-03-28 21:30:07.515  INFO 1756 --- [http-nio-8080-exec-1] o.s.web.servlet.DispatcherServlet        : Initializing Servlet 'dispatcherServlet'
2022-03-28 21:30:07.516  INFO 1756 --- [http-nio-8080-exec-1] o.s.web.servlet.DispatcherServlet        : Completed initialization in 1 ms
2022-03-28 21:30:07.931  INFO 1756 --- [http-nio-8080-exec-1] c.p.m.service.CommunityService           : db topfive : kospi
2022-03-28 21:30:07.944  INFO 1756 --- [http-nio-8080-exec-1] c.p.m.service.CommunityService           : db topfive : kosdaq
2022-03-28 21:30:07.964  INFO 1756 --- [http-nio-8080-exec-1] c.p.m.service.CommunityService           : db topfive : volume
2022-03-28 21:30:07.984  INFO 1756 --- [http-nio-8080-exec-1] c.p.m.service.CommunityService           : db topfive : transaction
2022-03-28 21:30:11.254  INFO 1756 --- [http-nio-8080-exec-3] c.p.m.service.CommunityService           : db topfive : kospi
2022-03-28 21:30:11.269  INFO 1756 --- [http-nio-8080-exec-3] c.p.m.service.CommunityService           : db topfive : kosdaq
2022-03-28 21:30:11.285  INFO 1756 --- [http-nio-8080-exec-3] c.p.m.service.CommunityService           : db topfive : volume
2022-03-28 21:30:11.300  INFO 1756 --- [http-nio-8080-exec-3] c.p.m.service.CommunityService           : db topfive : transaction
2022-03-28 21:30:22.788  INFO 1756 --- [http-nio-8080-exec-4] c.p.m.service.CommunityService           : db topfive : kospi
2022-03-28 21:30:22.801  INFO 1756 --- [http-nio-8080-exec-4] c.p.m.service.CommunityService           : db topfive : kosdaq
2022-03-28 21:30:22.822  INFO 1756 --- [http-nio-8080-exec-4] c.p.m.service.CommunityService           : db topfive : volume
2022-03-28 21:30:22.842  INFO 1756 --- [http-nio-8080-exec-4] c.p.m.service.CommunityService           : db topfive : transaction
2022-03-28 21:30:51.374  INFO 1756 --- [SpringApplicationShutdownHook] j.LocalContainerEntityManagerFactoryBean : Closing JPA EntityManagerFactory for persistence unit 'default'
2022-03-28 21:30:51.375  INFO 1756 --- [SpringApplicationShutdownHook] com.zaxxer.hikari.HikariDataSource       : HikariPool-1 - Shutdown initiated...
2022-03-28 21:30:51.415  INFO 1756 --- [SpringApplicationShutdownHook] com.zaxxer.hikari.HikariDataSource       : HikariPool-1 - Shutdown completed.
2022-03-28 21:30:56.138  INFO 34332 --- [main] c.p.m.MiniBacktestingBeApplication       : Starting MiniBacktestingBeApplication using Java 17.0.1 on DESKTOP-1CGNPJ3 with PID 34332 (D:\hanghae99\01_projects\back_n_stock\build\classes\java\main started by CuriousMode_1 in D:\hanghae99\01_projects\back_n_stock)
2022-03-28 21:30:56.140  INFO 34332 --- [main] c.p.m.MiniBacktestingBeApplication       : No active profile set, falling back to 1 default profile: "default"
2022-03-28 21:30:56.758  INFO 34332 --- [main] .s.d.r.c.RepositoryConfigurationDelegate : Multiple Spring Data modules found, entering strict repository configuration mode!
2022-03-28 21:30:56.758  INFO 34332 --- [main] .s.d.r.c.RepositoryConfigurationDelegate : Bootstrapping Spring Data JPA repositories in DEFAULT mode.
2022-03-28 21:30:56.833  INFO 34332 --- [main] .s.d.r.c.RepositoryConfigurationDelegate : Finished Spring Data repository scanning in 70 ms. Found 6 JPA repository interfaces.
2022-03-28 21:30:56.843  INFO 34332 --- [main] .s.d.r.c.RepositoryConfigurationDelegate : Multiple Spring Data modules found, entering strict repository configuration mode!
2022-03-28 21:30:56.843  INFO 34332 --- [main] .s.d.r.c.RepositoryConfigurationDelegate : Bootstrapping Spring Data Redis repositories in DEFAULT mode.
2022-03-28 21:30:56.865  INFO 34332 --- [main] .RepositoryConfigurationExtensionSupport : Spring Data Redis - Could not safely identify store assignment for repository candidate interface com.project.minibacktesting_be.repository.CommentRepository. If you want this repository to be a Redis repository, consider annotating your entities with one of these annotations: org.springframework.data.redis.core.RedisHash (preferred), or consider extending one of the following types with your repository: org.springframework.data.keyvalue.repository.KeyValueRepository.
2022-03-28 21:30:56.866  INFO 34332 --- [main] .RepositoryConfigurationExtensionSupport : Spring Data Redis - Could not safely identify store assignment for repository candidate interface com.project.minibacktesting_be.repository.LikesRepository. If you want this repository to be a Redis repository, consider annotating your entities with one of these annotations: org.springframework.data.redis.core.RedisHash (preferred), or consider extending one of the following types with your repository: org.springframework.data.keyvalue.repository.KeyValueRepository.
2022-03-28 21:30:56.866  INFO 34332 --- [main] .RepositoryConfigurationExtensionSupport : Spring Data Redis - Could not safely identify store assignment for repository candidate interface com.project.minibacktesting_be.repository.PortStockRepository. If you want this repository to be a Redis repository, consider annotating your entities with one of these annotations: org.springframework.data.redis.core.RedisHash (preferred), or consider extending one of the following types with your repository: org.springframework.data.keyvalue.repository.KeyValueRepository.
2022-03-28 21:30:56.867  INFO 34332 --- [main] .RepositoryConfigurationExtensionSupport : Spring Data Redis - Could not safely identify store assignment for repository candidate interface com.project.minibacktesting_be.repository.PortfolioRepository. If you want this repository to be a Redis repository, consider annotating your entities with one of these annotations: org.springframework.data.redis.core.RedisHash (preferred), or consider extending one of the following types with your repository: org.springframework.data.keyvalue.repository.KeyValueRepository.
2022-03-28 21:30:56.868  INFO 34332 --- [main] .RepositoryConfigurationExtensionSupport : Spring Data Redis - Could not safely identify store assignment for repository candidate interface com.project.minibacktesting_be.repository.StockRepository. If you want this repository to be a Redis repository, consider annotating your entities with one of these annotations: org.springframework.data.redis.core.RedisHash (preferred), or consider extending one of the following types with your repository: org.springframework.data.keyvalue.repository.KeyValueRepository.
2022-03-28 21:30:56.868  INFO 34332 --- [main] .RepositoryConfigurationExtensionSupport : Spring Data Redis - Could not safely identify store assignment for repository candidate interface com.project.minibacktesting_be.repository.UserRepository. If you want this repository to be a Redis repository, consider annotating your entities with one of these annotations: org.springframework.data.redis.core.RedisHash (preferred), or consider extending one of the following types with your repository: org.springframework.data.keyvalue.repository.KeyValueRepository.
2022-03-28 21:30:56.869  INFO 34332 --- [main] .s.d.r.c.RepositoryConfigurationDelegate : Finished Spring Data repository scanning in 13 ms. Found 0 Redis repository interfaces.
2022-03-28 21:31:05.660  INFO 34332 --- [main] trationDelegate$BeanPostProcessorChecker : Bean 'credentialsProvider' of type [com.amazonaws.auth.AWSCredentialsProviderChain] is not eligible for getting processed by all BeanPostProcessors (for example: not eligible for auto-proxying)
2022-03-28 21:31:05.899  INFO 34332 --- [main] o.s.b.w.embedded.tomcat.TomcatWebServer  : Tomcat initialized with port(s): 8080 (http)
2022-03-28 21:31:05.906  INFO 34332 --- [main] o.apache.catalina.core.StandardService   : Starting service [Tomcat]
2022-03-28 21:31:05.907  INFO 34332 --- [main] org.apache.catalina.core.StandardEngine  : Starting Servlet engine: [Apache Tomcat/9.0.58]
2022-03-28 21:31:06.044  INFO 34332 --- [main] o.a.c.c.C.[Tomcat].[localhost].[/]       : Initializing Spring embedded WebApplicationContext
2022-03-28 21:31:06.045  INFO 34332 --- [main] w.s.c.ServletWebServerApplicationContext : Root WebApplicationContext: initialization completed in 9871 ms
2022-03-28 21:31:06.189  INFO 34332 --- [main] o.hibernate.jpa.internal.util.LogHelper  : HHH000204: Processing PersistenceUnitInfo [name: default]
2022-03-28 21:31:06.221  INFO 34332 --- [main] org.hibernate.Version                    : HHH000412: Hibernate ORM core version 5.6.5.Final
2022-03-28 21:31:06.317  INFO 34332 --- [main] o.hibernate.annotations.common.Version   : HCANN000001: Hibernate Commons Annotations {5.1.2.Final}
2022-03-28 21:31:06.382  INFO 34332 --- [main] com.zaxxer.hikari.HikariDataSource       : HikariPool-1 - Starting...
2022-03-28 21:31:06.641  INFO 34332 --- [main] com.zaxxer.hikari.HikariDataSource       : HikariPool-1 - Start completed.
2022-03-28 21:31:06.654  INFO 34332 --- [main] org.hibernate.dialect.Dialect            : HHH000400: Using dialect: org.hibernate.dialect.MySQL8Dialect
2022-03-28 21:31:07.287  INFO 34332 --- [main] o.h.e.t.j.p.i.JtaPlatformInitiator       : HHH000490: Using JtaPlatform implementation: [org.hibernate.engine.transaction.jta.platform.internal.NoJtaPlatform]
2022-03-28 21:31:07.293  INFO 34332 --- [main] j.LocalContainerEntityManagerFactoryBean : Initialized JPA EntityManagerFactory for persistence unit 'default'
2022-03-28 21:31:07.521  WARN 34332 --- [main] JpaBaseConfiguration$JpaWebConfiguration : spring.jpa.open-in-view is enabled by default. Therefore, database queries may be performed during view rendering. Explicitly configure spring.jpa.open-in-view to disable this warning
2022-03-28 21:31:08.412  INFO 34332 --- [main] o.s.s.web.DefaultSecurityFilterChain     : Will not secure any request
2022-03-28 21:31:08.674  INFO 34332 --- [main] o.s.b.w.embedded.tomcat.TomcatWebServer  : Tomcat started on port(s): 8080 (http) with context path ''
2022-03-28 21:31:08.682  INFO 34332 --- [main] c.p.m.MiniBacktestingBeApplication       : Started MiniBacktestingBeApplication in 12.818 seconds (JVM running for 13.384)
2022-03-28 21:31:18.732  INFO 34332 --- [http-nio-8080-exec-2] o.a.c.c.C.[Tomcat].[localhost].[/]       : Initializing Spring DispatcherServlet 'dispatcherServlet'
2022-03-28 21:31:18.732  INFO 34332 --- [http-nio-8080-exec-2] o.s.web.servlet.DispatcherServlet        : Initializing Servlet 'dispatcherServlet'
2022-03-28 21:31:18.734  INFO 34332 --- [http-nio-8080-exec-2] o.s.web.servlet.DispatcherServlet        : Completed initialization in 2 ms
2022-03-28 21:31:19.127  INFO 34332 --- [http-nio-8080-exec-2] c.p.m.service.CommunityService           : db topfive : kospi
2022-03-28 21:31:19.141  INFO 34332 --- [http-nio-8080-exec-2] c.p.m.service.CommunityService           : db topfive : kosdaq
2022-03-28 21:31:19.158  INFO 34332 --- [http-nio-8080-exec-2] c.p.m.service.CommunityService           : db topfive : volume
2022-03-28 21:31:19.174  INFO 34332 --- [http-nio-8080-exec-2] c.p.m.service.CommunityService           : db topfive : transaction
2022-03-28 21:31:21.272  INFO 34332 --- [http-nio-8080-exec-3] c.p.m.service.CommunityService           : redis topfive : kospi
2022-03-28 21:31:21.273  INFO 34332 --- [http-nio-8080-exec-3] c.p.m.service.CommunityService           : redis topfive : kosdaq
2022-03-28 21:31:21.274  INFO 34332 --- [http-nio-8080-exec-3] c.p.m.service.CommunityService           : redis topfive : volume
2022-03-28 21:31:21.275  INFO 34332 --- [http-nio-8080-exec-3] c.p.m.service.CommunityService           : redis topfive : transaction
2022-03-28 21:31:22.450  INFO 34332 --- [http-nio-8080-exec-4] c.p.m.service.CommunityService           : redis topfive : kospi
2022-03-28 21:31:22.451  INFO 34332 --- [http-nio-8080-exec-4] c.p.m.service.CommunityService           : redis topfive : kosdaq
2022-03-28 21:31:22.452  INFO 34332 --- [http-nio-8080-exec-4] c.p.m.service.CommunityService           : redis topfive : volume
2022-03-28 21:31:22.454  INFO 34332 --- [http-nio-8080-exec-4] c.p.m.service.CommunityService           : redis topfive : transaction
2022-03-28 21:31:25.026  INFO 34332 --- [http-nio-8080-exec-5] c.p.m.service.CommunityService           : redis topfive : kospi
2022-03-28 21:31:25.027  INFO 34332 --- [http-nio-8080-exec-5] c.p.m.service.CommunityService           : redis topfive : kosdaq
2022-03-28 21:31:25.027  INFO 34332 --- [http-nio-8080-exec-5] c.p.m.service.CommunityService           : redis topfive : volume
2022-03-28 21:31:25.028  INFO 34332 --- [http-nio-8080-exec-5] c.p.m.service.CommunityService           : redis topfive : transaction
2022-03-28 21:31:26.077  INFO 34332 --- [http-nio-8080-exec-6] c.p.m.service.CommunityService           : redis topfive : kospi
2022-03-28 21:31:26.077  INFO 34332 --- [http-nio-8080-exec-6] c.p.m.service.CommunityService           : redis topfive : kosdaq
2022-03-28 21:31:26.078  INFO 34332 --- [http-nio-8080-exec-6] c.p.m.service.CommunityService           : redis topfive : volume
2022-03-28 21:31:26.079  INFO 34332 --- [http-nio-8080-exec-6] c.p.m.service.CommunityService           : redis topfive : transaction
2022-03-28 21:31:27.666  INFO 34332 --- [http-nio-8080-exec-7] c.p.m.service.CommunityService           : redis topfive : kospi
2022-03-28 21:31:27.667  INFO 34332 --- [http-nio-8080-exec-7] c.p.m.service.CommunityService           : redis topfive : kosdaq
2022-03-28 21:31:27.668  INFO 34332 --- [http-nio-8080-exec-7] c.p.m.service.CommunityService           : redis topfive : volume
2022-03-28 21:31:27.669  INFO 34332 --- [http-nio-8080-exec-7] c.p.m.service.CommunityService           : redis topfive : transaction
2022-03-28 21:31:46.485  INFO 34332 --- [http-nio-8080-exec-8] c.p.m.service.CommunityService           : db topfive : kospi
2022-03-28 21:31:46.496  INFO 34332 --- [http-nio-8080-exec-8] c.p.m.service.CommunityService           : db topfive : kosdaq
2022-03-28 21:31:46.511  INFO 34332 --- [http-nio-8080-exec-8] c.p.m.service.CommunityService           : db topfive : volume
2022-03-28 21:31:46.526  INFO 34332 --- [http-nio-8080-exec-8] c.p.m.service.CommunityService           : db topfive : transaction
2022-03-28 21:31:54.068  INFO 34332 --- [http-nio-8080-exec-9] c.p.m.service.CommunityService           : db communityPort : 77
2022-03-28 21:31:54.093  INFO 34332 --- [http-nio-8080-exec-9] c.p.m.service.CommunityService           : db communityPort : 64
2022-03-28 21:31:54.113  INFO 34332 --- [http-nio-8080-exec-9] c.p.m.service.CommunityService           : db communityPort : 81
2022-03-28 21:31:54.131  INFO 34332 --- [http-nio-8080-exec-9] c.p.m.service.CommunityService           : db communityPort : 62
2022-03-28 21:31:54.146  INFO 34332 --- [http-nio-8080-exec-9] c.p.m.service.CommunityService           : db communityPort : 36
2022-03-28 21:31:54.165  INFO 34332 --- [http-nio-8080-exec-9] c.p.m.service.CommunityService           : db communityPort : 110
2022-03-28 21:31:54.182  INFO 34332 --- [http-nio-8080-exec-9] c.p.m.service.CommunityService           : db communityPort : 99
2022-03-28 21:31:54.196  INFO 34332 --- [http-nio-8080-exec-9] c.p.m.service.CommunityService           : db communityPort : 100
2022-03-28 21:31:54.213  INFO 34332 --- [http-nio-8080-exec-9] c.p.m.service.CommunityService           : db communityPort : 97
2022-03-28 21:31:54.229  INFO 34332 --- [http-nio-8080-exec-9] c.p.m.service.CommunityService           : db communityPort : 80
2022-03-28 21:39:14.563  INFO 34332 --- [http-nio-8080-exec-2] c.p.m.service.CommunityService           : redis communityPort : 77
2022-03-28 21:39:14.574  INFO 34332 --- [http-nio-8080-exec-2] c.p.m.service.CommunityService           : redis communityPort : 64
2022-03-28 21:39:14.584  INFO 34332 --- [http-nio-8080-exec-2] c.p.m.service.CommunityService           : redis communityPort : 81
2022-03-28 21:39:14.593  INFO 34332 --- [http-nio-8080-exec-2] c.p.m.service.CommunityService           : redis communityPort : 62
2022-03-28 21:39:14.603  INFO 34332 --- [http-nio-8080-exec-2] c.p.m.service.CommunityService           : redis communityPort : 36
2022-03-28 21:39:14.613  INFO 34332 --- [http-nio-8080-exec-2] c.p.m.service.CommunityService           : redis communityPort : 110
2022-03-28 21:39:14.624  INFO 34332 --- [http-nio-8080-exec-2] c.p.m.service.CommunityService           : redis communityPort : 99
2022-03-28 21:39:14.635  INFO 34332 --- [http-nio-8080-exec-2] c.p.m.service.CommunityService           : redis communityPort : 100
2022-03-28 21:39:14.645  INFO 34332 --- [http-nio-8080-exec-2] c.p.m.service.CommunityService           : redis communityPort : 97
2022-03-28 21:39:14.654  INFO 34332 --- [http-nio-8080-exec-2] c.p.m.service.CommunityService           : redis communityPort : 80
2022-03-28 21:40:50.846  INFO 34332 --- [SpringApplicationShutdownHook] j.LocalContainerEntityManagerFactoryBean : Closing JPA EntityManagerFactory for persistence unit 'default'
2022-03-28 21:40:50.847  INFO 34332 --- [SpringApplicationShutdownHook] com.zaxxer.hikari.HikariDataSource       : HikariPool-1 - Shutdown initiated...
2022-03-28 21:40:50.886  INFO 34332 --- [SpringApplicationShutdownHook] com.zaxxer.hikari.HikariDataSource       : HikariPool-1 - Shutdown completed.
2022-03-28 21:41:56.410  INFO 13268 --- [main] c.p.m.MiniBacktestingBeApplication       : Starting MiniBacktestingBeApplication using Java 17.0.1 on DESKTOP-1CGNPJ3 with PID 13268 (D:\hanghae99\01_projects\back_n_stock\build\classes\java\main started by CuriousMode_1 in D:\hanghae99\01_projects\back_n_stock)
2022-03-28 21:41:56.413  INFO 13268 --- [main] c.p.m.MiniBacktestingBeApplication       : No active profile set, falling back to 1 default profile: "default"
2022-03-28 21:41:57.105  INFO 13268 --- [main] .s.d.r.c.RepositoryConfigurationDelegate : Multiple Spring Data modules found, entering strict repository configuration mode!
2022-03-28 21:41:57.105  INFO 13268 --- [main] .s.d.r.c.RepositoryConfigurationDelegate : Bootstrapping Spring Data JPA repositories in DEFAULT mode.
2022-03-28 21:41:57.189  INFO 13268 --- [main] .s.d.r.c.RepositoryConfigurationDelegate : Finished Spring Data repository scanning in 78 ms. Found 6 JPA repository interfaces.
2022-03-28 21:41:57.198  INFO 13268 --- [main] .s.d.r.c.RepositoryConfigurationDelegate : Multiple Spring Data modules found, entering strict repository configuration mode!
2022-03-28 21:41:57.199  INFO 13268 --- [main] .s.d.r.c.RepositoryConfigurationDelegate : Bootstrapping Spring Data Redis repositories in DEFAULT mode.
2022-03-28 21:41:57.220  INFO 13268 --- [main] .RepositoryConfigurationExtensionSupport : Spring Data Redis - Could not safely identify store assignment for repository candidate interface com.project.minibacktesting_be.repository.CommentRepository. If you want this repository to be a Redis repository, consider annotating your entities with one of these annotations: org.springframework.data.redis.core.RedisHash (preferred), or consider extending one of the following types with your repository: org.springframework.data.keyvalue.repository.KeyValueRepository.
2022-03-28 21:41:57.221  INFO 13268 --- [main] .RepositoryConfigurationExtensionSupport : Spring Data Redis - Could not safely identify store assignment for repository candidate interface com.project.minibacktesting_be.repository.LikesRepository. If you want this repository to be a Redis repository, consider annotating your entities with one of these annotations: org.springframework.data.redis.core.RedisHash (preferred), or consider extending one of the following types with your repository: org.springframework.data.keyvalue.repository.KeyValueRepository.
2022-03-28 21:41:57.221  INFO 13268 --- [main] .RepositoryConfigurationExtensionSupport : Spring Data Redis - Could not safely identify store assignment for repository candidate interface com.project.minibacktesting_be.repository.PortStockRepository. If you want this repository to be a Redis repository, consider annotating your entities with one of these annotations: org.springframework.data.redis.core.RedisHash (preferred), or consider extending one of the following types with your repository: org.springframework.data.keyvalue.repository.KeyValueRepository.
2022-03-28 21:41:57.222  INFO 13268 --- [main] .RepositoryConfigurationExtensionSupport : Spring Data Redis - Could not safely identify store assignment for repository candidate interface com.project.minibacktesting_be.repository.PortfolioRepository. If you want this repository to be a Redis repository, consider annotating your entities with one of these annotations: org.springframework.data.redis.core.RedisHash (preferred), or consider extending one of the following types with your repository: org.springframework.data.keyvalue.repository.KeyValueRepository.
2022-03-28 21:41:57.223  INFO 13268 --- [main] .RepositoryConfigurationExtensionSupport : Spring Data Redis - Could not safely identify store assignment for repository candidate interface com.project.minibacktesting_be.repository.StockRepository. If you want this repository to be a Redis repository, consider annotating your entities with one of these annotations: org.springframework.data.redis.core.RedisHash (preferred), or consider extending one of the following types with your repository: org.springframework.data.keyvalue.repository.KeyValueRepository.
2022-03-28 21:41:57.223  INFO 13268 --- [main] .RepositoryConfigurationExtensionSupport : Spring Data Redis - Could not safely identify store assignment for repository candidate interface com.project.minibacktesting_be.repository.UserRepository. If you want this repository to be a Redis repository, consider annotating your entities with one of these annotations: org.springframework.data.redis.core.RedisHash (preferred), or consider extending one of the following types with your repository: org.springframework.data.keyvalue.repository.KeyValueRepository.
2022-03-28 21:41:57.223  INFO 13268 --- [main] .s.d.r.c.RepositoryConfigurationDelegate : Finished Spring Data repository scanning in 13 ms. Found 0 Redis repository interfaces.
2022-03-28 21:42:06.057  INFO 13268 --- [main] trationDelegate$BeanPostProcessorChecker : Bean 'credentialsProvider' of type [com.amazonaws.auth.AWSCredentialsProviderChain] is not eligible for getting processed by all BeanPostProcessors (for example: not eligible for auto-proxying)
2022-03-28 21:42:06.339  INFO 13268 --- [main] o.s.b.w.embedded.tomcat.TomcatWebServer  : Tomcat initialized with port(s): 8080 (http)
2022-03-28 21:42:06.346  INFO 13268 --- [main] o.apache.catalina.core.StandardService   : Starting service [Tomcat]
2022-03-28 21:42:06.346  INFO 13268 --- [main] org.apache.catalina.core.StandardEngine  : Starting Servlet engine: [Apache Tomcat/9.0.58]
2022-03-28 21:42:06.497  INFO 13268 --- [main] o.a.c.c.C.[Tomcat].[localhost].[/]       : Initializing Spring embedded WebApplicationContext
2022-03-28 21:42:06.497  INFO 13268 --- [main] w.s.c.ServletWebServerApplicationContext : Root WebApplicationContext: initialization completed in 10044 ms
2022-03-28 21:42:06.661  INFO 13268 --- [main] o.hibernate.jpa.internal.util.LogHelper  : HHH000204: Processing PersistenceUnitInfo [name: default]
2022-03-28 21:42:06.698  INFO 13268 --- [main] org.hibernate.Version                    : HHH000412: Hibernate ORM core version 5.6.5.Final
2022-03-28 21:42:06.798  INFO 13268 --- [main] o.hibernate.annotations.common.Version   : HCANN000001: Hibernate Commons Annotations {5.1.2.Final}
2022-03-28 21:42:06.870  INFO 13268 --- [main] com.zaxxer.hikari.HikariDataSource       : HikariPool-1 - Starting...
2022-03-28 21:42:07.170  INFO 13268 --- [main] com.zaxxer.hikari.HikariDataSource       : HikariPool-1 - Start completed.
2022-03-28 21:42:07.187  INFO 13268 --- [main] org.hibernate.dialect.Dialect            : HHH000400: Using dialect: org.hibernate.dialect.MySQL8Dialect
2022-03-28 21:42:07.929  INFO 13268 --- [main] o.h.e.t.j.p.i.JtaPlatformInitiator       : HHH000490: Using JtaPlatform implementation: [org.hibernate.engine.transaction.jta.platform.internal.NoJtaPlatform]
2022-03-28 21:42:07.937  INFO 13268 --- [main] j.LocalContainerEntityManagerFactoryBean : Initialized JPA EntityManagerFactory for persistence unit 'default'
2022-03-28 21:42:08.207  WARN 13268 --- [main] JpaBaseConfiguration$JpaWebConfiguration : spring.jpa.open-in-view is enabled by default. Therefore, database queries may be performed during view rendering. Explicitly configure spring.jpa.open-in-view to disable this warning
2022-03-28 21:42:09.220  INFO 13268 --- [main] o.s.s.web.DefaultSecurityFilterChain     : Will not secure any request
2022-03-28 21:42:09.517  INFO 13268 --- [main] o.s.b.w.embedded.tomcat.TomcatWebServer  : Tomcat started on port(s): 8080 (http) with context path ''
2022-03-28 21:42:09.524  INFO 13268 --- [main] c.p.m.MiniBacktestingBeApplication       : Started MiniBacktestingBeApplication in 13.427 seconds (JVM running for 14.142)
2022-03-28 21:42:37.173  INFO 13268 --- [http-nio-8080-exec-1] o.a.c.c.C.[Tomcat].[localhost].[/]       : Initializing Spring DispatcherServlet 'dispatcherServlet'
2022-03-28 21:42:37.173  INFO 13268 --- [http-nio-8080-exec-1] o.s.web.servlet.DispatcherServlet        : Initializing Servlet 'dispatcherServlet'
2022-03-28 21:42:37.174  INFO 13268 --- [http-nio-8080-exec-1] o.s.web.servlet.DispatcherServlet        : Completed initialization in 1 ms
2022-03-28 21:42:37.615  INFO 13268 --- [http-nio-8080-exec-1] c.p.m.service.CommunityService           : redis communityPort : 77
2022-03-28 21:42:37.637  INFO 13268 --- [http-nio-8080-exec-1] c.p.m.service.CommunityService           : redis communityPort : 64
2022-03-28 21:42:37.650  INFO 13268 --- [http-nio-8080-exec-1] c.p.m.service.CommunityService           : redis communityPort : 81
2022-03-28 21:42:37.660  INFO 13268 --- [http-nio-8080-exec-1] c.p.m.service.CommunityService           : redis communityPort : 62
2022-03-28 21:42:37.670  INFO 13268 --- [http-nio-8080-exec-1] c.p.m.service.CommunityService           : redis communityPort : 36
2022-03-28 21:42:37.682  INFO 13268 --- [http-nio-8080-exec-1] c.p.m.service.CommunityService           : redis communityPort : 110
2022-03-28 21:42:37.691  INFO 13268 --- [http-nio-8080-exec-1] c.p.m.service.CommunityService           : redis communityPort : 99
2022-03-28 21:42:37.703  INFO 13268 --- [http-nio-8080-exec-1] c.p.m.service.CommunityService           : redis communityPort : 100
2022-03-28 21:42:37.713  INFO 13268 --- [http-nio-8080-exec-1] c.p.m.service.CommunityService           : redis communityPort : 97
2022-03-28 21:42:37.723  INFO 13268 --- [http-nio-8080-exec-1] c.p.m.service.CommunityService           : redis communityPort : 80
